6.850626785308122635e-03
3.758646845817565918e-01
4.843057394027709961e-01
1.141054928302764893e-02
1.983240842819213867e-01
-1.796247903257608414e-03
-8.472053706645965576e-02
1.947446018457412720e-01
-1.675124652683734894e-02
1.157525181770324707e-01
3.321981802582740784e-02
2.448654621839523315e-01
7.364204525947570801e-02
9.858217090368270874e-02
-5.943803489208221436e-02
1.378187835216522217e-01
6.781858950853347778e-02
7.472445815801620483e-02
6.969819660298526287e-04
1.710396111011505127e-01
1.052963063120841980e-01
9.746071696281433105e-02
1.672727912664413452e-01
5.996196344494819641e-02
8.430248498916625977e-02
-4.986934363842010498e-02
2.607262432575225830e-01
1.379319429397583008e-01
-3.245436772704124451e-02
2.173389680683612823e-02
2.433282136917114258e-01
5.984928458929061890e-02
1.458359360694885254e-01
3.129935357719659805e-03
1.216663122177124023e-01
2.459656149148941040e-01
3.734808415174484253e-03
-1.311943400651216507e-02
-1.629316210746765137e-01
9.763706475496292114e-02
5.495597794651985168e-02
1.467468440532684326e-01
1.546656936407089233e-01
-1.584206521511077881e-02
-3.810103982686996460e-02
-4.828565940260887146e-02
1.516942083835601807e-01
2.949215844273567200e-02
3.595682978630065918e-02
-4.647348076105117798e-03
2.402334846556186676e-02
9.940770268440246582e-02
-2.579191699624061584e-02
2.419667989015579224e-01
-4.530629888176918030e-02
1.291820406913757324e-01
4.576387815177440643e-03
-7.607597857713699341e-02
-2.102441387251019478e-03
1.099191233515739441e-01
9.567411243915557861e-02
1.361521631479263306e-01
-7.121030241250991821e-02
7.700823247432708740e-02
2.924770349636673927e-03
1.550791561603546143e-01
9.649904072284698486e-02
2.509704418480396271e-02
2.167375944554805756e-02
-1.653652824461460114e-02
5.583085492253303528e-02
9.775711596012115479e-02
1.341830193996429443e-01
-4.902102984488010406e-03
-2.681806497275829315e-02
-6.523785740137100220e-02
-2.286000363528728485e-02
2.994538843631744385e-02
-3.490430070087313652e-03
2.172944368794560432e-03
2.067984938621520996e-01
-5.517148971557617188e-02
1.709559261798858643e-01
1.689935661852359772e-02
9.163256734609603882e-02
-5.462780222296714783e-02
9.623548388481140137e-02
3.355103135108947754e-01
-6.873103231191635132e-02
-7.751759141683578491e-02
8.349849283695220947e-02
-8.042163215577602386e-03
-2.305560931563377380e-02
1.969110816717147827e-01
4.318094626069068909e-02
1.630636863410472870e-02
8.057576417922973633e-02
-8.451033383607864380e-02
-9.818316251039505005e-02
2.208118140697479248e-01
-1.136592552065849304e-01
4.527547955513000488e-02
1.470355540513992310e-01
1.867257207632064819e-01
1.282006651163101196e-01
1.357754319906234741e-01
1.325815320014953613e-01
6.950984150171279907e-02
1.097472012042999268e-01
2.522151172161102295e-01
2.694937884807586670e-01
1.945183612406253815e-02
1.692026853561401367e-02
5.015355721116065979e-02
-1.826037093997001648e-02
1.596485078334808350e-01
-4.258549958467483521e-02
2.635212242603302002e-02
8.072266355156898499e-03
6.730484962463378906e-02
3.888666629791259766e-02
2.390902936458587646e-01
1.374099701642990112e-01
5.272678099572658539e-03
-2.496431348845362663e-03
1.765106921084225178e-03
8.719567209482192993e-03
-3.827465325593948364e-02
3.817118406295776367e-01
-4.188887402415275574e-02
3.681132197380065918e-02
1.745312660932540894e-02
8.320833742618560791e-02
6.403767317533493042e-02
-1.749940961599349976e-02
2.325403690338134766e-01
-1.714462297968566418e-03
4.364370927214622498e-02
-1.609293818473815918e-01
1.043438911437988281e-01
4.715615883469581604e-03
6.042470037937164307e-02
1.625908613204956055e-01
1.080554425716400146e-01
-3.228757530450820923e-02
4.161820560693740845e-02
2.693313919007778168e-02
-1.639516121940687299e-04
-9.154839068651199341e-02
8.601854741573333740e-02
-7.555267214775085449e-02
1.123989522457122803e-01
-5.813525989651679993e-02
-2.714344998821616173e-03
1.226826757192611694e-01
1.889280974864959717e-01
6.443004589527845383e-03
-3.078200295567512512e-02
9.005632996559143066e-02
1.138673275709152222e-01
6.503373850136995316e-03
1.659622639417648315e-01
1.432927399873733521e-01
-5.420775339007377625e-02
2.850909158587455750e-02
-2.660923451185226440e-02
1.213257610797882080e-01
8.800530806183815002e-03
1.831414699554443359e-01
5.631439387798309326e-02
1.379766166210174561e-01
-1.879530213773250580e-02
-7.934098830446600914e-04
-6.051546428352594376e-03
1.194638013839721680e-01
-3.275973349809646606e-02
-3.020893223583698273e-02
7.370806485414505005e-02
5.676646158099174500e-02
9.948888421058654785e-02
-2.399729564785957336e-02
2.534225583076477051e-01
1.753322929143905640e-01
2.713907957077026367e-01
2.929504029452800751e-02
1.313515305519104004e-01
1.873559951782226562e-01
-6.284187734127044678e-02
5.702063441276550293e-02
-6.667638570070266724e-02
-5.602796003222465515e-02
-1.462575048208236694e-01
5.883036926388740540e-02
-1.469670236110687256e-02
1.179665774106979370e-01
-3.275705501437187195e-02
3.877286612987518311e-02
-1.422183662652969360e-01
1.259437501430511475e-01
9.285036474466323853e-02
-3.963490948081016541e-03
2.787534520030021667e-02
-1.934470534324645996e-01
-3.903719037771224976e-02
1.687957793474197388e-01
8.294557780027389526e-02
-8.294457569718360901e-03
7.620620727539062500e-02
-5.825818702578544617e-02
1.426614522933959961e-01
2.787603735923767090e-01
1.632346026599407196e-02
6.909672170877456665e-02
-2.184357345104217529e-01
8.832011371850967407e-02
1.732188761234283447e-01
8.872254937887191772e-02
2.319782674312591553e-01
-2.025594748556613922e-02
1.293058041483163834e-02
-1.056500971317291260e-01
3.402609825134277344e-01
-2.825790829956531525e-02
6.934699602425098419e-03
8.792356587946414948e-03
1.683749854564666748e-01
2.866808138787746429e-02
1.296581476926803589e-01
-1.571475155651569366e-02
1.455613821744918823e-01
7.214409112930297852e-02
1.496028304100036621e-01
-3.466478548943996429e-03
-2.308364212512969971e-02
1.334706600755453110e-02
1.382471621036529541e-01
2.492524087429046631e-01
6.808542180806398392e-03
1.602020859718322754e-01
2.811226528137922287e-03
-1.170327663421630859e-01
1.195427700877189636e-01
3.358668461441993713e-02
3.218862041831016541e-02
7.574997097253799438e-02
1.032957360148429871e-01
1.213127076625823975e-01
-2.278193831443786621e-02
6.407591514289379120e-03
6.555125862360000610e-02
-5.357018113136291504e-02
-2.752002142369747162e-02
-4.577040672302246094e-02
1.323685608804225922e-02
-1.641879528760910034e-01
2.756350040435791016e-01
1.817446798086166382e-01
8.939869701862335205e-02
1.460081487894058228e-01
3.904542028903961182e-01
8.549564331769943237e-02
-8.244056254625320435e-02
-6.150601059198379517e-02
-2.662121690809726715e-02
8.903089910745620728e-02
1.899732835590839386e-02
3.571860492229461670e-02
-8.257269859313964844e-02
3.315184116363525391e-01
4.354583844542503357e-02
1.212829202413558960e-01
-9.966331534087657928e-03
-1.912425085902214050e-02
8.649609982967376709e-03
1.102055795490741730e-02
-5.208804458379745483e-02
2.676512002944946289e-01
-1.622818969190120697e-02
-1.508360262960195541e-02
4.037450253963470459e-01
5.336801335215568542e-02
-3.354524821043014526e-02
9.854217618703842163e-02
-2.392369322478771210e-02
1.013287231326103210e-01
8.426485955715179443e-02
5.586585029959678650e-02
1.663608551025390625e-01
5.248420685529708862e-02
-3.629629686474800110e-02
5.900847725570201874e-03
9.954881854355335236e-03
2.557156234979629517e-02
1.370301656424999237e-02
4.884253814816474915e-02
4.576744139194488525e-02
6.749334186315536499e-02
1.621820181608200073e-01
1.099279075860977173e-01
5.372736230492591858e-02
2.212725430727005005e-01
1.765319854021072388e-01
2.701104804873466492e-02
1.493728607892990112e-01
1.765802502632141113e-01
9.967136383056640625e-02
3.539936244487762451e-02
-5.816895887255668640e-02
-1.179472580552101135e-01
1.330692917108535767e-01
1.283698976039886475e-01
1.414782255887985229e-01
5.096129328012466431e-02
-3.130597621202468872e-02
-2.126686833798885345e-02
-2.306072972714900970e-02
8.688040077686309814e-02
1.922012418508529663e-01
2.824138998985290527e-01
5.784311890602111816e-02
-2.084792591631412506e-02
-5.965569615364074707e-02
9.045173414051532745e-03
2.121807634830474854e-01
2.910201065242290497e-02
3.663894021883606911e-03
8.595734089612960815e-02
-1.277349051088094711e-02
1.669824421405792236e-01
-4.986767657101154327e-03
-6.023157015442848206e-02
6.247045006603002548e-03
1.553259883075952530e-02
9.174744598567485809e-03
4.912503808736801147e-02
3.006592392921447754e-02
2.946592867374420166e-01
1.099264919757843018e-01
-2.112472616136074066e-02
2.138438285328447819e-04
1.386310309171676636e-01
-2.472957968711853027e-02
-7.225131243467330933e-02
-5.054146423935890198e-02
1.293459236621856689e-01
-2.508234977722167969e-01
7.167812902480363846e-03
2.751992046833038330e-01
2.894773781299591064e-01
1.111376434564590454e-01
7.797192037105560303e-02
1.330509483814239502e-01
1.918799616396427155e-02
-4.090758040547370911e-02
1.396450866013765335e-02
1.734426468610763550e-01
4.336266964673995972e-02
2.664746046066284180e-01
5.763661488890647888e-02
1.167370751500129700e-02
1.072608605027198792e-01
8.681552857160568237e-02
2.604938112199306488e-02
8.243543654680252075e-02
3.305020332336425781e-01
1.080631613731384277e-01
1.481760442256927490e-01
1.212160438299179077e-01
4.386343806982040405e-02
-1.313566565513610840e-01
-6.858653068775311112e-05
-1.162735186517238617e-02
2.670218050479888916e-01
3.491801396012306213e-02
8.334361016750335693e-02
1.041266173124313354e-01
1.798091828823089600e-01
7.016535848379135132e-02
9.142038971185684204e-02
-6.527128815650939941e-02
1.195193976163864136e-01
1.685996726155281067e-02
-2.253378182649612427e-02
3.719482198357582092e-02
2.820849120616912842e-01
9.472873806953430176e-02
1.032755523920059204e-01
5.485317856073379517e-02
3.780552372336387634e-02
-1.033103168010711670e-01
1.921385973691940308e-01
-8.190748095512390137e-02
-9.474765509366989136e-02
9.437944740056991577e-02
6.102949846535921097e-03
1.227980758994817734e-02
4.105503112077713013e-02
-3.363770246505737305e-02
-4.621421173214912415e-02
4.668443650007247925e-02
9.205768257379531860e-02
3.565941378474235535e-02
-2.490761317312717438e-02
-7.677482068538665771e-02
-1.142196357250213623e-01
5.078864097595214844e-02
4.137235879898071289e-02
-8.719179779291152954e-02
9.663774818181991577e-02
9.005310386419296265e-02
7.268930971622467041e-02
1.444837898015975952e-01
1.843047738075256348e-01
-5.287991091609001160e-02
-2.470305189490318298e-02
3.176485002040863037e-02
-1.574407890439033508e-02
-1.448403950780630112e-02
7.011412084102630615e-02
2.443297654390335083e-01
-1.431765705347061157e-01
-3.127769380807876587e-02
4.736873134970664978e-02
4.388623405247926712e-03
-1.526997983455657959e-01
9.615292400121688843e-02
-3.802602179348468781e-03
-1.250234059989452362e-02
-2.511997893452644348e-02
-3.854727745056152344e-01
-6.028082594275474548e-02
1.070454865694046021e-01
1.785947680473327637e-01
2.739527821540832520e-01
1.367414742708206177e-01
1.498148590326309204e-01
7.291770726442337036e-02
-6.610467284917831421e-02
1.619764976203441620e-02
9.055649489164352417e-02
2.110622590407729149e-03
1.256192177534103394e-01
-6.319338455796241760e-03
6.663947552442550659e-02
1.290894951671361923e-02
1.484562754631042480e-01
1.533041521906852722e-02
5.463623255491256714e-02
-1.436219457536935806e-02
-7.794878631830215454e-02
-3.125351667404174805e-02
-2.471373602747917175e-02
1.115049794316291809e-01
1.867051236331462860e-02
2.214601822197437286e-02
-1.116248816251754761e-01
-4.156725853681564331e-02
1.195649877190589905e-01
3.245438262820243835e-02
7.762727886438369751e-02
2.070120722055435181e-01
1.923066228628158569e-01
8.425589650869369507e-02
3.369069099426269531e-01
4.009530842304229736e-01
7.301148027181625366e-02
-1.857831142842769623e-02
1.956330426037311554e-02
-8.579269051551818848e-03
1.852819919586181641e-01
1.436745822429656982e-01
2.200980484485626221e-01
-6.550859659910202026e-02
7.272133976221084595e-02
2.469752728939056396e-01
-5.751309450715780258e-03
-1.534385140985250473e-02
8.581045269966125488e-02
4.226044714450836182e-01
3.007362969219684601e-02
1.786122173070907593e-01
5.784987658262252808e-02
2.384573668241500854e-01
1.414254009723663330e-01
1.033618897199630737e-01
-2.252579666674137115e-02
1.453354060649871826e-01
-2.967263460159301758e-01
4.298925399780273438e-02
-9.931095875799655914e-03
3.784218803048133850e-02
-3.120115213096141815e-02
8.399919420480728149e-02
5.409575253725051880e-02
1.499735116958618164e-01
-7.283643633127212524e-02
1.371617056429386139e-02
1.371271908283233643e-01
-3.753147646784782410e-02
1.359606999903917313e-02
-6.642695516347885132e-02
8.617852628231048584e-02
2.879279553890228271e-01
5.493514984846115112e-02
4.385219514369964600e-02
1.212111711502075195e-01
2.504309713840484619e-01
1.117419824004173279e-01
1.022563874721527100e-01
6.582676619291305542e-02
2.444566339254379272e-01
2.086692601442337036e-01
