-5.689619183540344238e-01
9.976101666688919067e-02
-3.057691156864166260e-01
-2.466207891702651978e-01
7.437365502119064331e-02
-5.616320967674255371e-01
-4.309571385383605957e-01
3.046668469905853271e-01
1.132187992334365845e-01
-1.472627818584442139e-01
-1.384866237640380859e-01
1.598729044198989868e-01
-3.506762683391571045e-01
-4.222858846187591553e-01
2.286733239889144897e-01
-2.893882989883422852e-01
5.136328190565109253e-02
-1.159242093563079834e-01
2.182330936193466187e-01
1.698716729879379272e-01
-7.239353656768798828e-02
-3.719105944037437439e-02
-6.072003841400146484e-01
-1.877404190599918365e-02
-1.023605186492204666e-02
-4.472617506980895996e-01
-1.381751208100467920e-04
-3.315051198005676270e-01
-6.472230702638626099e-02
-5.287172794342041016e-01
1.279723942279815674e-01
-8.012545704841613770e-01
-1.291765570640563965e-01
-6.730430126190185547e-01
-3.701311647891998291e-01
6.498476862907409668e-02
4.954248666763305664e-02
3.821024298667907715e-01
-3.738887012004852295e-01
-3.755295276641845703e-01
-1.899332106113433838e-01
1.258643418550491333e-01
-4.019810259342193604e-01
1.252099126577377319e-01
-4.612742364406585693e-01
2.154200673103332520e-01
-1.983416229486465454e-01
2.922085821628570557e-01
-4.405937492847442627e-01
1.189438104629516602e-01
-4.307841360569000244e-01
6.220880523324012756e-02
-7.654140144586563110e-02
-3.399380147457122803e-01
-2.943192720413208008e-01
7.332997024059295654e-02
3.342077136039733887e-01
3.445221483707427979e-01
-1.088019236922264099e-01
-5.413405299186706543e-01
-3.241193592548370361e-01
8.527360856533050537e-02
-3.106028139591217041e-01
-1.967556774616241455e-01
2.260863035917282104e-01
-5.138875842094421387e-01
-4.498261511325836182e-01
-1.054260414093732834e-03
-3.353063464164733887e-01
-9.039337188005447388e-02
-3.218689188361167908e-02
2.580564916133880615e-01
-4.750264436006546021e-02
6.755175418220460415e-04
-4.039305150508880615e-01
1.693447381258010864e-01
-3.289411962032318115e-01
-4.213353693485260010e-01
-1.883687227964401245e-01
6.797219067811965942e-02
-2.378143072128295898e-01
5.302004888653755188e-02
1.620960608124732971e-02
3.274208605289459229e-01
-3.550384566187858582e-02
-2.094841152429580688e-01
4.274084568023681641e-01
-1.989178955554962158e-01
1.232988163828849792e-01
4.347344040870666504e-01
2.329509705305099487e-01
-1.895924061536788940e-01
-6.844778060913085938e-01
2.605079412460327148e-01
-7.084058970212936401e-02
1.012243330478668213e-01
2.504292130470275879e-01
-2.557761073112487793e-01
3.835602998733520508e-01
1.059198677539825439e-01
-1.723229140043258667e-01
-4.173288047313690186e-01
8.925519883632659912e-02
-6.466823630034923553e-03
-2.226018905639648438e-01
1.437197029590606689e-01
-1.974022090435028076e-01
-1.105689629912376404e-01
-9.946306794881820679e-02
-2.171149253845214844e-01
4.411472678184509277e-01
-4.924127757549285889e-01
-1.893445849418640137e-01
-3.893109261989593506e-01
-6.030713394284248352e-02
-1.368166804313659668e-01
-4.052797853946685791e-01
-2.789321541786193848e-01
2.718041539192199707e-01
1.362163871526718140e-01
8.431308716535568237e-02
-3.677683770656585693e-01
-3.759441077709197998e-01
5.615628138184547424e-02
-9.773883968591690063e-02
2.552816569805145264e-01
4.954845085740089417e-02
2.179108709096908569e-01
-2.093670666217803955e-01
-3.050533235073089600e-01
9.794162586331367493e-03
-1.926867514848709106e-01
-1.112470626831054688e-01
-3.254657685756683350e-01
-2.657598853111267090e-01
9.048514813184738159e-02
-1.594033837318420410e-01
-7.248952239751815796e-02
-4.261014983057975769e-02
-2.575865387916564941e-01
-3.063934668898582458e-02
-1.714710593223571777e-01
-4.823951423168182373e-01
9.312833845615386963e-02
-9.045841544866561890e-02
1.596231013536453247e-01
-1.400152295827865601e-01
1.604712158441543579e-01
-5.577121376991271973e-01
-5.382135510444641113e-02
-3.658545315265655518e-01
3.528976738452911377e-01
-2.873953282833099365e-01
-1.894218288362026215e-02
-2.918094024062156677e-02
-2.192548103630542755e-02
-3.039816915988922119e-01
-1.800100058317184448e-01
2.685254514217376709e-01
1.804588437080383301e-01
6.352165341377258301e-02
-3.068326711654663086e-01
-3.203893080353736877e-02
-5.555826798081398010e-02
-8.688901364803314209e-02
-7.874818146228790283e-02
-4.620834290981292725e-01
-3.775259256362915039e-01
-2.504593729972839355e-01
1.605879366397857666e-01
-1.319635212421417236e-01
3.718936443328857422e-02
-1.952402442693710327e-01
1.567970514297485352e-01
3.230389207601547241e-02
8.429873734712600708e-02
-1.294276714324951172e-01
-4.563710689544677734e-01
-3.545467555522918701e-01
8.926627039909362793e-02
-3.187699615955352783e-01
5.644254013895988464e-02
-2.075153440237045288e-01
-3.072086870670318604e-01
-8.071409910917282104e-02
6.458462029695510864e-02
-2.567007839679718018e-01
-3.683343231678009033e-01
2.449728548526763916e-01
2.481091171503067017e-01
-1.618211343884468079e-02
3.973030745983123779e-01
-1.200561746954917908e-01
-3.528292477130889893e-01
-3.884889483451843262e-01
3.582808971405029297e-01
-5.307135581970214844e-01
4.817603528499603271e-02
7.517691701650619507e-02
2.235905677080154419e-01
-4.428537487983703613e-01
-2.649644315242767334e-01
-2.929314672946929932e-01
3.103352524340152740e-02
-2.963133715093135834e-02
1.385390609502792358e-01
-4.566838741302490234e-01
-5.212284922599792480e-01
-2.514140494167804718e-02
-5.084820389747619629e-01
-5.665187835693359375e-01
-2.749878764152526855e-01
-2.006524503231048584e-01
6.101328507065773010e-02
-3.466759994626045227e-02
-1.535308659076690674e-01
3.301729559898376465e-01
1.086231097579002380e-01
-4.771203994750976562e-01
-1.481820940971374512e-01
-1.376310735940933228e-01
2.139502465724945068e-01
-2.533503174781799316e-01
6.203170120716094971e-02
-2.336601167917251587e-01
-3.164407908916473389e-01
1.280902177095413208e-01
2.256696522235870361e-01
-2.414325326681137085e-01
-4.581278860569000244e-01
-2.224109023809432983e-01
4.646492376923561096e-02
-2.375146746635437012e-01
1.007395163178443909e-01
1.024469360709190369e-01
-2.138137817382812500e-01
7.060718536376953125e-02
1.615663319826126099e-01
1.369028091430664062e-01
-4.795885682106018066e-01
2.254037372767925262e-02
4.250514879822731018e-02
-3.384049236774444580e-02
2.669322192668914795e-01
-4.265815913677215576e-01
7.817295938730239868e-02
-3.295638263225555420e-01
-1.592682152986526489e-01
-2.238659262657165527e-01
-3.263938724994659424e-01
1.460641771554946899e-01
-3.245622515678405762e-01
-3.396402597427368164e-01
6.547659635543823242e-02
-4.218221008777618408e-01
-2.306382507085800171e-01
-4.571457207202911377e-01
4.406946897506713867e-01
9.960687719285488129e-03
3.159537315368652344e-01
1.848798096179962158e-01
-1.866257488727569580e-01
-3.303529620170593262e-01
7.438582181930541992e-02
5.258224010467529297e-01
-5.355916619300842285e-01
-5.900398492813110352e-01
-6.607420742511749268e-02
-1.698243319988250732e-01
3.467726409435272217e-01
-4.275325685739517212e-02
4.247352778911590576e-01
-6.053482368588447571e-02
1.733420640230178833e-01
-2.373474836349487305e-01
-2.542091310024261475e-01
-3.477949202060699463e-01
2.235670238733291626e-01
-5.312653183937072754e-01
-1.777351647615432739e-01
-3.709237873554229736e-01
5.672936886548995972e-02
3.387076035141944885e-02
-4.696804285049438477e-02
-4.490734934806823730e-01
-5.329715013504028320e-01
2.329917550086975098e-01
3.239953145384788513e-02
-1.976215839385986328e-01
5.190869420766830444e-02
-3.740863204002380371e-01
2.288459688425064087e-01
-3.136473000049591064e-01
-1.536739896982908249e-02
-3.741184175014495850e-01
1.920086741447448730e-01
-3.576044142246246338e-01
1.333786845207214355e-01
-2.562117874622344971e-01
3.749093785881996155e-02
-4.464445114135742188e-01
1.068950369954109192e-01
-6.980199217796325684e-01
-2.691258676350116730e-02
-3.336399793624877930e-02
-2.699178457260131836e-01
-2.733952738344669342e-02
-4.258260130882263184e-01
8.781351894140243530e-02
-1.733019053936004639e-01
-5.623486042022705078e-01
3.932963684201240540e-02
-3.091005682945251465e-01
-3.677625358104705811e-01
-4.311377182602882385e-02
-1.555564999580383301e-01
2.590423524379730225e-01
-5.359322428703308105e-01
-1.306145191192626953e-01
1.610209345817565918e-01
2.152884304523468018e-01
-4.993232786655426025e-01
-2.956603169441223145e-01
5.967507883906364441e-02
-2.805934846401214600e-01
1.033667400479316711e-01
1.845640540122985840e-01
1.996758282184600830e-01
-3.494956791400909424e-01
-3.153609484434127808e-02
2.577297389507293701e-01
-4.594902098178863525e-01
-2.882741987705230713e-01
2.448250539600849152e-02
4.414993226528167725e-01
2.440153062343597412e-01
2.314064353704452515e-01
1.785412058234214783e-02
-3.106605410575866699e-01
-5.216076597571372986e-02
3.925807401537895203e-02
-1.003161296248435974e-01
-1.920316554605960846e-02
-2.480475604534149170e-01
-3.483990430831909180e-01
1.656082570552825928e-01
-3.000286519527435303e-01
-3.167491257190704346e-01
-2.197750061750411987e-01
-2.175192385911941528e-01
8.338412269949913025e-03
-5.457193255424499512e-01
-1.074039116501808167e-01
-3.689486086368560791e-01
-2.715094685554504395e-01
2.419324666261672974e-01
1.662472486495971680e-01
-9.900450706481933594e-02
3.868768457323312759e-03
-1.056180000305175781e-01
-2.137657813727855682e-02
-1.384003609418869019e-01
-1.238525612279772758e-03
2.532024085521697998e-01
1.946368813514709473e-01
1.696290373802185059e-01
-2.913099154829978943e-02
-1.066018710844218731e-03
-3.075686991214752197e-01
-2.825793027877807617e-01
-1.649883687496185303e-01
-3.343277275562286377e-01
-1.814091056585311890e-01
-8.664750307798385620e-02
3.971725702285766602e-01
4.653297066688537598e-01
-3.796784877777099609e-01
-1.827051490545272827e-01
-1.814055256545543671e-02
-3.783663511276245117e-01
-4.000967442989349365e-01
-4.687250852584838867e-01
-7.271345704793930054e-02
-1.030706465244293213e-01
2.625697851181030273e-01
-3.575978875160217285e-01
-2.577236890792846680e-01
-5.318738818168640137e-01
-4.633028209209442139e-01
2.614991664886474609e-01
-6.654317975044250488e-01
-3.063298463821411133e-01
-1.757138520479202271e-01
-2.997694611549377441e-01
-1.600245758891105652e-02
1.931345313787460327e-01
-4.994426071643829346e-01
-2.931543290615081787e-01
-3.527863919734954834e-01
-8.090007305145263672e-02
-3.638103604316711426e-01
-3.656597435474395752e-01
-4.523531198501586914e-01
-3.427796065807342529e-02
-2.692882120609283447e-01
-5.723732113838195801e-01
-1.077201068401336670e-01
1.464143693447113037e-01
-3.549540042877197266e-01
-5.195459127426147461e-01
-2.850202322006225586e-01
5.646514520049095154e-02
2.707942724227905273e-01
8.644269406795501709e-02
-2.920621037483215332e-01
1.089197918772697449e-01
-3.215456604957580566e-01
-7.270854711532592773e-02
1.634677173569798470e-04
-5.669171214103698730e-01
1.010567396879196167e-01
-2.160816825926303864e-02
-2.107755988836288452e-01
-1.117029860615730286e-01
9.332016855478286743e-02
-5.729778110980987549e-02
-3.893299028277397156e-02
-1.431683301925659180e-01
-1.372234076261520386e-01
-5.728991702198982239e-02
8.775723725557327271e-02
1.434865444898605347e-01
-2.291064560413360596e-01
-4.148317873477935791e-02
-5.924751758575439453e-01
3.415224254131317139e-01
-3.811723589897155762e-01
-4.746829271316528320e-01
-5.318642258644104004e-01
-6.096842288970947266e-01
5.128947272896766663e-02
1.687307357788085938e-01
-2.537012398242950439e-01
-7.196190953254699707e-02
-3.823469877243041992e-01
-2.262348867952823639e-02
2.057347893714904785e-01
9.634715318679809570e-02
-6.091688275337219238e-01
1.995075047016143799e-01
-1.225938200950622559e-01
-2.481274604797363281e-01
-5.865839123725891113e-01
-3.983520567417144775e-01
-2.319721691310405731e-02
-1.169062182307243347e-01
2.005327120423316956e-02
5.441791936755180359e-02
-2.798081338405609131e-01
4.956386983394622803e-02
-1.977509111166000366e-01
-2.108561843633651733e-01
2.618982642889022827e-02
-5.739864110946655273e-01
-6.195631250739097595e-02
-2.947248518466949463e-01
2.468730956315994263e-01
-4.931458234786987305e-01
-3.017602860927581787e-02
-4.997645616531372070e-01
-2.962823510169982910e-01
-1.726066917181015015e-01
-4.286844730377197266e-01
-4.247164428234100342e-01
-4.892221987247467041e-01
-5.658611059188842773e-01
-2.027295827865600586e-01
2.785454988479614258e-01
1.585966199636459351e-01
-1.114767864346504211e-01
-1.734177172183990479e-01
-1.128398403525352478e-01
-5.778567194938659668e-01
2.658922672271728516e-01
-5.846800804138183594e-01
-5.600807070732116699e-01
8.650504052639007568e-02
2.405854500830173492e-02
1.713741123676300049e-01
8.810304850339889526e-02
-1.210494711995124817e-01
-3.808035552501678467e-01
-4.796710312366485596e-01
-1.546485126018524170e-01
-3.673608601093292236e-01
7.941691577434539795e-02
-5.603897571563720703e-01
-1.948325037956237793e-01
3.424418717622756958e-02
-9.889385849237442017e-02
1.629592292010784149e-02
-2.100352197885513306e-01
-4.252021610736846924e-01
-6.174842119216918945e-01
-2.864292636513710022e-02
5.980822443962097168e-02
-3.429644703865051270e-01
1.013703942298889160e-01
-1.021254528313875198e-02
2.255120724439620972e-01
-3.522579967975616455e-01
-2.835851013660430908e-01
