2.364225536584854126e-01
1.594970077276229858e-01
-3.125396557152271271e-03
1.144541334360837936e-02
8.813273906707763672e-02
4.414626583456993103e-02
5.484023317694664001e-02
3.054103851318359375e-01
3.888992071151733398e-01
2.156135253608226776e-02
1.000462844967842102e-01
1.464536134153604507e-02
5.284621194005012512e-02
8.424633741378784180e-02
-9.551741182804107666e-02
1.571196615695953369e-01
1.516262907534837723e-02
2.154229581356048584e-02
-1.131452992558479309e-01
-1.715507507324218750e-01
-6.600395590066909790e-02
-2.399919368326663971e-02
2.609961330890655518e-01
1.010085344314575195e-01
6.200784817337989807e-03
3.846679031848907471e-01
2.595970332622528076e-01
-9.458800405263900757e-02
2.066819518804550171e-01
2.663758099079132080e-01
4.090328216552734375e-01
-1.092813014984130859e-01
1.167421489953994751e-01
1.335229352116584778e-02
3.271961510181427002e-01
2.650110237300395966e-02
3.505887836217880249e-02
1.420018030330538750e-03
-2.553179673850536346e-02
-1.894621923565864563e-02
3.191279470920562744e-01
2.855778932571411133e-01
1.102390140295028687e-01
2.191577106714248657e-02
2.830372750759124756e-01
1.389293372631072998e-01
1.398376077413558960e-01
1.429854780435562134e-01
-5.918812751770019531e-02
1.463003456592559814e-02
5.227878689765930176e-01
1.605548709630966187e-01
-5.154382809996604919e-02
-1.416722685098648071e-01
1.080782637000083923e-01
5.574065819382667542e-02
5.093605443835258484e-02
9.304606914520263672e-02
2.958327233791351318e-01
8.658543229103088379e-02
1.406274437904357910e-01
3.132265433669090271e-02
-6.598293036222457886e-02
4.374630749225616455e-01
1.246028840541839600e-01
-1.086580306291580200e-01
-1.215257681906223297e-02
-5.149584263563156128e-02
3.031148314476013184e-01
1.487151384353637695e-01
4.930665716528892517e-02
-4.486533254384994507e-02
-6.850399076938629150e-02
-7.872483693063259125e-03
2.477329224348068237e-01
1.936737447977066040e-01
2.974687814712524414e-01
-1.338935643434524536e-01
3.802489638328552246e-01
1.125283539295196533e-01
1.031168550252914429e-01
1.707564741373062134e-01
-3.180958330631256104e-02
3.372317254543304443e-01
1.810713708400726318e-01
3.778264522552490234e-01
2.621145732700824738e-02
1.795543432235717773e-01
2.198135852813720703e-01
1.455977559089660645e-01
3.656130135059356689e-01
-2.964650839567184448e-02
2.107574939727783203e-01
5.157207325100898743e-02
-1.516740862280130386e-02
1.519742161035537720e-01
1.704131662845611572e-01
8.572171791456639767e-04
-1.011408641934394836e-01
-6.730395252816379070e-04
-3.794544190168380737e-02
1.685193628072738647e-01
8.863822370767593384e-02
-4.646265134215354919e-02
1.616422384977340698e-01
9.851052612066268921e-02
4.697574973106384277e-01
3.396283686161041260e-01
1.579111665487289429e-01
5.237928032875061035e-02
3.567068278789520264e-01
-5.203435570001602173e-02
-1.519587039947509766e-01
2.601129114627838135e-01
5.464107915759086609e-02
3.376491069793701172e-01
2.075437158346176147e-01
7.345359772443771362e-04
-1.451518982648849487e-01
1.156057137995958328e-02
5.241488292813301086e-02
1.746288985013961792e-01
6.525619328022003174e-02
2.362339943647384644e-01
9.694886952638626099e-02
3.124249875545501709e-01
2.833369374275207520e-01
2.524432539939880371e-01
5.331507697701454163e-02
4.529267549514770508e-02
3.399147093296051025e-01
4.610289260745048523e-02
1.840173602104187012e-01
2.424471676349639893e-01
1.777337342500686646e-01
1.848567277193069458e-01
2.941212803125381470e-02
3.461945950984954834e-01
-1.823300123214721680e-02
1.969090551137924194e-01
-3.300301730632781982e-02
5.020406097173690796e-02
-8.148907683789730072e-03
1.327368170022964478e-01
-2.036655321717262268e-02
3.565885499119758606e-02
3.278421461582183838e-01
3.166417777538299561e-01
1.886187642812728882e-01
2.889469265937805176e-01
1.595153957605361938e-01
1.363695412874221802e-01
-1.763761229813098907e-02
1.779170483350753784e-01
-5.538082867860794067e-02
-7.287617772817611694e-02
2.582670748233795166e-01
2.402625083923339844e-01
1.237959340214729309e-01
4.794729650020599365e-01
-7.437860965728759766e-02
-3.604156896471977234e-02
1.814952641725540161e-01
1.044811159372329712e-01
1.052853241562843323e-01
2.844840055331587791e-04
1.217704415321350098e-01
1.837074905633926392e-01
4.969425499439239502e-01
-8.550955355167388916e-02
3.204141557216644287e-01
3.403720259666442871e-01
-1.123131439089775085e-01
3.053644597530364990e-01
3.293660283088684082e-02
4.410887658596038818e-01
4.891801774501800537e-01
1.492489874362945557e-01
2.881293594837188721e-01
-3.375559300184249878e-02
1.960892230272293091e-02
-1.171900555491447449e-01
-3.357112035155296326e-02
2.162151932716369629e-01
1.951481401920318604e-01
-7.774475216865539551e-02
1.710996925830841064e-01
1.191906630992889404e-01
7.061666250228881836e-02
-7.562978565692901611e-02
2.004179358482360840e-01
5.074539780616760254e-01
1.307335197925567627e-01
-1.017131805419921875e-01
-9.069797396659851074e-02
-2.181716710329055786e-01
-2.941410243511199951e-02
1.234908550977706909e-01
3.156619668006896973e-01
2.489067465066909790e-01
2.943079769611358643e-01
1.132006347179412842e-01
-8.329647593200206757e-03
1.354746427386999130e-02
1.222162768244743347e-01
1.855754405260086060e-01
3.742172718048095703e-01
4.477326571941375732e-01
1.776561886072158813e-01
2.583007514476776123e-01
-4.202229529619216919e-02
1.826151162385940552e-01
1.904175989329814911e-02
2.724905014038085938e-01
5.667064189910888672e-01
2.092951834201812744e-01
1.349596530199050903e-01
1.275886446237564087e-01
2.217055484652519226e-02
1.434607803821563721e-01
3.601931780576705933e-02
2.599375247955322266e-01
2.865363657474517822e-01
4.123275876045227051e-01
-1.404101103544235229e-01
-1.254867613315582275e-01
1.745152920484542847e-01
4.568044841289520264e-02
1.307034939527511597e-01
3.297185152769088745e-02
1.665599048137664795e-01
9.256748855113983154e-02
1.681398451328277588e-01
1.357085108757019043e-01
1.940941251814365387e-02
1.181934773921966553e-01
4.218389093875885010e-02
-5.876414477825164795e-02
-2.465122565627098083e-02
1.277897208929061890e-01
2.467931807041168213e-02
-9.426502883434295654e-02
-9.497012943029403687e-04
1.092247143387794495e-01
-1.566617339849472046e-01
-1.498584449291229248e-02
3.144204914569854736e-01
-1.996943913400173187e-02
2.721511721611022949e-01
2.150550782680511475e-01
-2.826908603310585022e-02
-2.611035108566284180e-02
-9.888862073421478271e-02
2.475967705249786377e-01
-2.352990210056304932e-01
8.193004131317138672e-02
-1.561399698257446289e-01
1.558870077133178711e-01
2.123906165361404419e-01
6.109823286533355713e-02
1.396535038948059082e-01
-1.174926385283470154e-01
1.950264126062393188e-01
2.045821100473403931e-01
1.835111156105995178e-02
-8.006227761507034302e-02
2.139823883771896362e-01
2.155361026525497437e-01
4.801174253225326538e-02
9.076424688100814819e-02
7.802102714776992798e-02
3.631764650344848633e-01
-3.827946782112121582e-01
-8.751802146434783936e-02
6.048586368560791016e-01
1.038135811686515808e-01
2.395139075815677643e-02
1.346731036901473999e-01
8.879332244396209717e-02
-1.248513534665107727e-01
4.028179943561553955e-01
1.942269951105117798e-01
-1.151637434959411621e-01
-4.895580187439918518e-02
5.224884152412414551e-01
1.906037777662277222e-01
1.971436850726604462e-02
-9.733861684799194336e-02
3.209170326590538025e-02
6.043949723243713379e-02
1.189202815294265747e-01
5.694739818572998047e-01
4.989344999194145203e-02
-8.738366514444351196e-02
-4.819646477699279785e-02
9.389021992683410645e-02
2.015503495931625366e-01
5.092587471008300781e-01
-4.046884551644325256e-02
8.699950762093067169e-03
-4.585464950650930405e-03
1.746395230293273926e-01
3.456117212772369385e-02
3.744216263294219971e-02
3.688586950302124023e-01
2.948822975158691406e-01
1.754264682531356812e-01
-1.638960652053356171e-02
3.104989230632781982e-01
2.706933915615081787e-01
3.849479556083679199e-01
1.953413151204586029e-02
9.638208895921707153e-02
2.633140385150909424e-01
-1.689875423908233643e-01
-1.035932973027229309e-01
3.159293159842491150e-02
-2.570010125637054443e-01
5.346028506755828857e-02
5.575539171695709229e-02
-2.388331741094589233e-01
1.207116320729255676e-01
1.425476521253585815e-01
-5.917567014694213867e-02
3.542172610759735107e-01
1.622816473245620728e-01
5.090239048004150391e-01
1.129919514060020447e-01
3.252241015434265137e-01
-2.724862657487392426e-02
1.587572097778320312e-01
3.728433325886726379e-02
1.588866859674453735e-01
5.347863212227821350e-02
2.681738138198852539e-01
1.894313991069793701e-01
2.352537065744400024e-01
-1.730613261461257935e-01
7.500836998224258423e-02
1.274203807115554810e-01
-2.601880021393299103e-02
2.231098413467407227e-01
3.116412274539470673e-02
1.894621551036834717e-02
4.598865658044815063e-02
9.046205319464206696e-03
6.605996936559677124e-02
2.179496586322784424e-01
1.169158145785331726e-01
1.731796562671661377e-01
-3.202865272760391235e-02
-5.717476457357406616e-02
1.835966669023036957e-02
4.494087100028991699e-01
1.280416548252105713e-01
1.057539358735084534e-01
2.302056737244129181e-02
3.711698353290557861e-01
1.329608261585235596e-01
5.003061294555664062e-01
7.743179798126220703e-03
3.163603842258453369e-01
3.471082746982574463e-01
9.055019915103912354e-02
3.522976487874984741e-02
5.590946674346923828e-01
-2.541263215243816376e-02
2.304317988455295563e-02
-5.386813357472419739e-02
9.353110939264297485e-02
-7.188894785940647125e-03
1.437359601259231567e-01
-5.772273615002632141e-02
-1.325891911983489990e-01
-6.130693480372428894e-02
2.735904753208160400e-01
1.362347006797790527e-01
2.939084544777870178e-03
-9.593032300472259521e-02
1.552281379699707031e-01
1.254390031099319458e-01
-1.556143313646316528e-01
1.213916540145874023e-01
4.156457632780075073e-02
5.580036435276269913e-03
4.810846596956253052e-02
5.113213062286376953e-01
1.098847612738609314e-01
3.651938140392303467e-01
7.884087413549423218e-02
1.726593822240829468e-01
9.229870140552520752e-02
5.382507443428039551e-01
-5.890737846493721008e-02
9.690475463867187500e-02
3.410995602607727051e-01
-2.127698957920074463e-01
9.974217414855957031e-02
-4.717423766851425171e-02
5.747985094785690308e-02
1.947825551033020020e-01
4.967640340328216553e-02
1.736036241054534912e-01
5.113456863909959793e-03
4.158973991870880127e-01
-4.204530641436576843e-02
9.757801145315170288e-02
3.283834457397460938e-01
5.633707642555236816e-01
2.690519094467163086e-01
4.724622517824172974e-02
-3.596515581011772156e-02
2.021375000476837158e-01
2.442042976617813110e-01
2.179333567619323730e-01
2.170276194810867310e-01
1.700064539909362793e-01
5.234276503324508667e-02
-1.169916708022356033e-02
1.303175687789916992e-01
2.572514712810516357e-01
-2.568055503070354462e-02
1.529067605733871460e-01
3.219774365425109863e-02
1.975232362747192383e-01
3.299661874771118164e-01
-1.236210670322179794e-02
2.778393924236297607e-01
6.271541118621826172e-02
7.878358475863933563e-03
7.468982040882110596e-02
-3.332669138908386230e-01
3.625840246677398682e-01
1.053293794393539429e-01
2.035161107778549194e-01
3.650944912806153297e-03
9.887432307004928589e-02
1.642849594354629517e-01
3.084222078323364258e-01
9.398059546947479248e-02
4.183322489261627197e-01
1.598266065120697021e-01
1.467343978583812714e-02
2.104303687810897827e-01
2.040877193212509155e-01
2.455342859029769897e-01
-6.208305805921554565e-02
-1.974964141845703125e-01
2.472273856401443481e-01
-1.662210561335086823e-02
4.963645339012145996e-02
3.619444323703646660e-03
-1.091545168310403824e-02
-1.015612632036209106e-01
1.638044714927673340e-01
5.339070037007331848e-02
9.669370204210281372e-02
7.677900791168212891e-02
5.760537460446357727e-02
-1.210289821028709412e-01
2.312341518700122833e-02
-9.998125024139881134e-03
6.703644245862960815e-02
3.883932158350944519e-02
-1.037731114774942398e-02
1.151782721281051636e-01
-9.115735441446304321e-02
1.861923933029174805e-01
1.392985880374908447e-01
2.046682536602020264e-01
-9.906561113893985748e-03
5.592031776905059814e-02
2.238038480281829834e-01
2.225578576326370239e-01
3.942355513572692871e-01
-3.408970311284065247e-02
1.904208771884441376e-02
4.652763605117797852e-01
-2.937499247491359711e-02
1.009897366166114807e-01
2.352314069867134094e-02
3.336953222751617432e-01
-7.039731740951538086e-02
4.243764281272888184e-02
4.547388479113578796e-02
-1.936451643705368042e-01
3.863921761512756348e-02
9.474939107894897461e-02
-1.043271943926811218e-01
-2.876441925764083862e-02
-1.066701859235763550e-02
-3.825818374752998352e-02
3.107051849365234375e-01
6.910181045532226562e-02
1.423008181154727936e-02
1.192480623722076416e-01
6.645249575376510620e-02
5.746584758162498474e-02
3.875416815280914307e-01
-6.295253336429595947e-02
-3.446949273347854614e-02
6.634420156478881836e-01
-2.906716428697109222e-03
2.494493573904037476e-01
2.339144945144653320e-01
8.016160875558853149e-02
-1.062898263335227966e-01
4.593833088874816895e-01
2.454074770212173462e-01
4.500130936503410339e-02
1.942473500967025757e-01
1.176819577813148499e-01
